[    0.000000] Initializing cgroup subsys cpuset
[    0.000000] Initializing cgroup subsys cpu
[    0.000000] Initializing cgroup subsys cpuacct
[    0.000000] Linux version 4.4.0-119-generic (buildd@lcy01-amd64-013) (gcc version 5.4.0 20160609 (Ubuntu 5.4.0-6ubuntu1~16.04.9) ) #143-Ubuntu SMP Mon Apr 2 16:08:24 UTC 2018 (Ubuntu 4.4.0-119.143-generic 4.4.114)
[    0.000000] Command line: BOOT_IMAGE=/boot/vmlinuz-4.4.0-119-generic root=LABEL=cloudimg-rootfs ro console=tty1 console=ttyS0
[    0.000000] KERNEL supported cpus:
[    0.000000]   Intel GenuineIntel
[    0.000000]   AMD AuthenticAMD
[    0.000000]   Centaur CentaurHauls
[    0.000000] x86/fpu: xstate_offset[2]:  576, xstate_sizes[2]:  256
[    0.000000] x86/fpu: Supporting XSAVE feature 0x01: 'x87 floating point registers'
[    0.000000] x86/fpu: Supporting XSAVE feature 0x02: 'SSE registers'
[    0.000000] x86/fpu: Supporting XSAVE feature 0x04: 'AVX registers'
[    0.000000] x86/fpu: Enabled xstate features 0x7, context size is 832 bytes, using 'standard' format.
[    0.000000] x86/fpu: Using 'lazy' FPU context switches.
[    0.000000] e820: BIOS-provided physical RAM map:
[    0.000000] BIOS-e820: [mem 0x0000000000000000-0x000000000009fbff] usable
[    0.000000] BIOS-e820: [mem 0x000000000009fc00-0x000000000009ffff] reserved
[    0.000000] BIOS-e820: [mem 0x00000000000f0000-0x00000000000fffff] reserved
[    0.000000] BIOS-e820: [mem 0x0000000000100000-0x000000003ffeffff] usable
[    0.000000] BIOS-e820: [mem 0x000000003fff0000-0x000000003fffffff] ACPI data
[    0.000000] BIOS-e820: [mem 0x00000000fec00000-0x00000000fec00fff] reserved
[    0.000000] BIOS-e820: [mem 0x00000000fee00000-0x00000000fee00fff] reserved
[    0.000000] BIOS-e820: [mem 0x00000000fffc0000-0x00000000ffffffff] reserved
[    0.000000] NX (Execute Disable) protection: active
[    0.000000] SMBIOS 2.5 present.
[    0.000000] Hypervisor detected: KVM
[    0.000000] e820: last_pfn = 0x3fff0 max_arch_pfn = 0x400000000
[    0.000000] MTRR: Disabled
[    0.000000] x86/PAT: MTRRs disabled, skipping PAT initialization too.
[    0.000000] CPU MTRRs all blank - virtualized system.
[    0.000000] x86/PAT: Configuration [0-7]: WB  WT  UC- UC  WB  WT  UC- UC  
[    0.000000] found SMP MP-table at [mem 0x0009fff0-0x0009ffff] mapped at [ffff88000009fff0]
[    0.000000] Scanning 1 areas for low memory corruption
[    0.000000] RAMDISK: [mem 0x36aae000-0x3754efff]
[    0.000000] ACPI: Early table checksum verification disabled
[    0.000000] ACPI: RSDP 0x00000000000E0000 000024 (v02 VBOX  )
[    0.000000] ACPI: XSDT 0x000000003FFF0030 00003C (v01 VBOX   VBOXXSDT 00000001 ASL  00000061)
[    0.000000] ACPI: FACP 0x000000003FFF00F0 0000F4 (v04 VBOX   VBOXFACP 00000001 ASL  00000061)
[    0.000000] ACPI: DSDT 0x000000003FFF0470 0021FF (v02 VBOX   VBOXBIOS 00000002 INTL 20160108)
[    0.000000] ACPI: FACS 0x000000003FFF0200 000040
[    0.000000] ACPI: FACS 0x000000003FFF0200 000040
[    0.000000] ACPI: APIC 0x000000003FFF0240 00005C (v02 VBOX   VBOXAPIC 00000001 ASL  00000061)
[    0.000000] ACPI: SSDT 0x000000003FFF02A0 0001CC (v01 VBOX   VBOXCPUT 00000002 INTL 20160108)
[    0.000000] No NUMA configuration found
[    0.000000] Faking a node at [mem 0x0000000000000000-0x000000003ffeffff]
[    0.000000] NODE_DATA(0) allocated [mem 0x3ffeb000-0x3ffeffff]
[    0.000000] kvm-clock: Using msrs 4b564d01 and 4b564d00
[    0.000000] kvm-clock: cpu 0, msr 0:3ffe3001, primary cpu clock
[    0.000000] kvm-clock: using sched offset of 3391638823 cycles
[    0.000000] clocksource: kvm-clock: mask: 0xffffffffffffffff max_cycles: 0x1cd42e4dffb, max_idle_ns: 881590591483 ns
[    0.000000] Zone ranges:
[    0.000000]   DMA      [mem 0x0000000000001000-0x0000000000ffffff]
[    0.000000]   DMA32    [mem 0x0000000001000000-0x000000003ffeffff]
[    0.000000]   Normal   empty
[    0.000000]   Device   empty
[    0.000000] Movable zone start for each node
[    0.000000] Early memory node ranges
[    0.000000]   node   0: [mem 0x0000000000001000-0x000000000009efff]
[    0.000000]   node   0: [mem 0x0000000000100000-0x000000003ffeffff]
[    0.000000] Initmem setup node 0 [mem 0x0000000000001000-0x000000003ffeffff]
[    0.000000] ACPI: PM-Timer IO Port: 0x4008
[    0.000000] IOAPIC[0]: apic_id 2, version 32, address 0xfec00000, GSI 0-23
[    0.000000] ACPI: INT_SRC_OVR (bus 0 bus_irq 0 global_irq 2 dfl dfl)
[    0.000000] ACPI: INT_SRC_OVR (bus 0 bus_irq 9 global_irq 9 high level)
[    0.000000] Using ACPI (MADT) for SMP configuration information
[    0.000000] smpboot: Allowing 2 CPUs, 0 hotplug CPUs
[    0.000000] PM: Registered nosave memory: [mem 0x00000000-0x00000fff]
[    0.000000] PM: Registered nosave memory: [mem 0x0009f000-0x0009ffff]
[    0.000000] PM: Registered nosave memory: [mem 0x000a0000-0x000effff]
[    0.000000] PM: Registered nosave memory: [mem 0x000f0000-0x000fffff]
[    0.000000] e820: [mem 0x40000000-0xfebfffff] available for PCI devices
[    0.000000] Booting paravirtualized kernel on KVM
[    0.000000] clocksource: refined-jiffies: mask: 0xffffffff max_cycles: 0xffffffff, max_idle_ns: 7645519600211568 ns
[    0.000000] setup_percpu: NR_CPUS:512 nr_cpumask_bits:512 nr_cpu_ids:2 nr_node_ids:1
[    0.000000] PERCPU: Embedded 34 pages/cpu @ffff88003fc00000 s99544 r8192 d31528 u1048576
[    0.000000] PV qspinlock hash table entries: 256 (order: 0, 4096 bytes)
[    0.000000] Built 1 zonelists in Node order, mobility grouping on.  Total pages: 257912
[    0.000000] Policy zone: DMA32
[    0.000000] Kernel command line: BOOT_IMAGE=/boot/vmlinuz-4.4.0-119-generic root=LABEL=cloudimg-rootfs ro console=tty1 console=ttyS0
[    0.000000] PID hash table entries: 4096 (order: 3, 32768 bytes)
[    0.000000] Memory: 1001640K/1048120K available (8532K kernel code, 1313K rwdata, 3996K rodata, 1508K init, 1316K bss, 46480K reserved, 0K cma-reserved)
[    0.000000] SLUB: HWalign=64, Order=0-3, MinObjects=0, CPUs=2, Nodes=1
[    0.000000] Kernel/User page tables isolation: enabled
[    0.000000] Hierarchical RCU implementation.
[    0.000000] 	Build-time adjustment of leaf fanout to 64.
[    0.000000] 	RCU restricting CPUs from NR_CPUS=512 to nr_cpu_ids=2.
[    0.000000] RCU: Adjusting geometry for rcu_fanout_leaf=64, nr_cpu_ids=2
[    0.000000] NR_IRQS:33024 nr_irqs:440 16
[    0.000000] Console: colour VGA+ 80x25
[    0.000000] console [tty1] enabled
[    0.000000] console [ttyS0] enabled
[    0.000000] tsc: Detected 2394.424 MHz processor
[    0.840503] Calibrating delay loop (skipped) preset value.. 4788.84 BogoMIPS (lpj=9577696)
[    0.842137] pid_max: default: 32768 minimum: 301
[    0.843009] ACPI: Core revision 20150930
[    0.844920] ACPI: 2 ACPI AML tables successfully acquired and loaded
[    0.846171] Security Framework initialized
[    0.846971] Yama: becoming mindful.
[    0.864663] AppArmor: AppArmor initialized
[    0.921026] Dentry cache hash table entries: 131072 (order: 8, 1048576 bytes)
[    0.999146] Inode-cache hash table entries: 65536 (order: 7, 524288 bytes)
[    1.000433] Mount-cache hash table entries: 2048 (order: 2, 16384 bytes)
[    1.001583] Mountpoint-cache hash table entries: 2048 (order: 2, 16384 bytes)
[    1.002952] Initializing cgroup subsys io
[    1.003769] Initializing cgroup subsys memory
[    1.004609] Initializing cgroup subsys devices
[    1.005455] Initializing cgroup subsys freezer
[    1.006306] Initializing cgroup subsys net_cls
[    1.007149] Initializing cgroup subsys perf_event
[    1.008052] Initializing cgroup subsys net_prio
[    1.008942] Initializing cgroup subsys hugetlb
[    1.025448] Initializing cgroup subsys pids
[    1.026408] CPU: Physical Processor ID: 0
[    1.027223] CPU: Processor Core ID: 0
[    1.028088] FEATURE SPEC_CTRL Not Present
[    1.029991] mce: CPU supports 0 MCE banks
[    1.038756] Last level iTLB entries: 4KB 1024, 2MB 1024, 4MB 1024
[    1.045383] Last level dTLB entries: 4KB 1024, 2MB 1024, 4MB 1024, 1GB 4
[    1.046771] Spectre V2 mitigation: Mitigation: Full generic retpoline
[    1.053373] Spectre V2 mitigation: Speculation control IBPB not-supported IBRS not-supported
[    1.058966] Freeing SMP alternatives memory: 32K
[    1.070439] ftrace: allocating 32195 entries in 126 pages
[    1.179737] smpboot: APIC(0) Converting physical 0 to logical package 0
[    1.186271] smpboot: Max logical packages: 1
[    1.187420] x2apic enabled
[    1.189445] Switched APIC routing to physical x2apic.
[    1.191596] ..TIMER: vector=0x30 apic1=0 pin1=2 apic2=-1 pin2=-1
[    1.299985] smpboot: CPU0: Intel(R) Core(TM) i5-4210U CPU @ 1.70GHz (family: 0x6, model: 0x45, stepping: 0x1)
[    1.314094] Performance Events: unsupported p6 CPU model 69 no PMU driver, software events only.
[    1.315955] KVM setup paravirtual spinlock
[    1.317604] x86: Booting SMP configuration:
[    1.319580] .... node  #0, CPUs:      #1
[    1.321630] kvm-clock: cpu 1, msr 0:3ffe3041, secondary cpu clock
[    1.331339] mce: CPU supports 0 MCE banks
[    1.350140] x86: Booted up 1 node, 2 CPUs
[    1.355254] smpboot: Total of 2 processors activated (9577.69 BogoMIPS)
[    1.356872] devtmpfs: initialized
[    1.360316] evm: security.selinux
[    1.363044] evm: security.SMACK64
[    1.363761] evm: security.SMACK64EXEC
[    1.369954] evm: security.SMACK64TRANSMUTE
[    1.392460] evm: security.SMACK64MMAP
[    1.393229] evm: security.ima
[    1.393940] evm: security.capability
[    1.394993] clocksource: jiffies: mask: 0xffffffff max_cycles: 0xffffffff, max_idle_ns: 7645041785100000 ns
[    1.398131] futex hash table entries: 512 (order: 3, 32768 bytes)
[    1.401004] pinctrl core: initialized pinctrl subsystem
[    1.406044] RTC time: 13:17:06, date: 04/14/18
[    1.414222] NET: Registered protocol family 16
[    1.428073] cpuidle: using governor ladder
[    1.447424] cpuidle: using governor menu
[    1.502991] PCCT header not found.
[    1.536521] ACPI: bus type PCI registered
[    1.566053] acpiphp: ACPI Hot Plug PCI Controller Driver version: 0.5
[    1.659642] PCI: Using configuration type 1 for base access
[    1.732546] ACPI: Added _OSI(Module Device)
[    1.772468] ACPI: Added _OSI(Processor Device)
[    1.815539] ACPI: Added _OSI(3.0 _SCP Extensions)
[    1.816564] ACPI: Added _OSI(Processor Aggregator Device)
[    1.828298] ACPI: Executed 1 blocks of module-level executable AML code
[    1.884711] ACPI: Interpreter enabled
[    1.903382] ACPI: (supports S0 S5)
[    1.904244] ACPI: Using IOAPIC for interrupt routing
[    1.905595] PCI: Using host bridge windows from ACPI; if necessary, use "pci=nocrs" and report a bug
[    1.914864] ACPI: PCI Root Bridge [PCI0] (domain 0000 [bus 00-ff])
[    1.917249] acpi PNP0A03:00: _OSC: OS supports [ASPM ClockPM Segments MSI]
[    1.923946] acpi PNP0A03:00: _OSC: not requesting OS control; OS requires [ExtendedConfig ASPM ClockPM MSI]
[    1.930479] acpi PNP0A03:00: fail to add MMCONFIG information, can't access extended PCI configuration space under this bridge.
[    1.934571] PCI host bridge to bus 0000:00
[    1.979102] pci_bus 0000:00: root bus resource [io  0x0000-0x0cf7 window]
[    1.980495] pci_bus 0000:00: root bus resource [io  0x0d00-0xffff window]
[    2.027512] pci_bus 0000:00: root bus resource [mem 0x000a0000-0x000bffff window]
[    2.049750] pci_bus 0000:00: root bus resource [mem 0x40000000-0xffdfffff window]
[    2.110610] pci_bus 0000:00: root bus resource [bus 00-ff]
[    2.164627] pci 0000:00:01.1: legacy IDE quirk: reg 0x10: [io  0x01f0-0x01f7]
[    2.223440] pci 0000:00:01.1: legacy IDE quirk: reg 0x14: [io  0x03f6]
[    2.235810] pci 0000:00:01.1: legacy IDE quirk: reg 0x18: [io  0x0170-0x0177]
[    2.246971] pci 0000:00:01.1: legacy IDE quirk: reg 0x1c: [io  0x0376]
[    2.295726] pci 0000:00:07.0: quirk: [io  0x4000-0x403f] claimed by PIIX4 ACPI
[    2.339890] pci 0000:00:07.0: quirk: [io  0x4100-0x410f] claimed by PIIX4 SMB
[    2.360514] ACPI: PCI Interrupt Link [LNKA] (IRQs 5 9 10 *11)
[    2.420533] ACPI: PCI Interrupt Link [LNKB] (IRQs 5 9 10 *11)
[    2.446352] ACPI: PCI Interrupt Link [LNKC] (IRQs 5 9 *10 11)
[    2.459979] ACPI: PCI Interrupt Link [LNKD] (IRQs 5 *9 10 11)
[    2.463917] ACPI: Enabled 2 GPEs in block 00 to 07
[    2.466847] vgaarb: setting as boot device: PCI:0000:00:02.0
[    2.469018] vgaarb: device added: PCI:0000:00:02.0,decodes=io+mem,owns=io+mem,locks=none
[    2.470731] vgaarb: loaded
[    2.471363] vgaarb: bridge control possible 0000:00:02.0
[    2.472678] SCSI subsystem initialized
[    2.480094] ACPI: bus type USB registered
[    2.495738] usbcore: registered new interface driver usbfs
[    2.506289] usbcore: registered new interface driver hub
[    2.573397] usbcore: registered new device driver usb
[    2.592691] PCI: Using ACPI for IRQ routing
[    2.593811] NetLabel: Initializing
[    2.594528] NetLabel:  domain hash size = 128
[    2.595355] NetLabel:  protocols = UNLABELED CIPSOv4
[    2.596287] NetLabel:  unlabeled traffic allowed by default
[    2.597470] amd_nb: Cannot enumerate AMD northbridges
[    2.599490] clocksource: Switched to clocksource kvm-clock
[    2.609337] AppArmor: AppArmor Filesystem Enabled
[    2.638776] pnp: PnP ACPI init
[    2.652534] pnp: PnP ACPI: found 3 devices
[    2.675794] clocksource: acpi_pm: mask: 0xffffff max_cycles: 0xffffff, max_idle_ns: 2085701024 ns
[    2.683072] NET: Registered protocol family 2
[    2.687476] TCP established hash table entries: 8192 (order: 4, 65536 bytes)
[    2.692655] TCP bind hash table entries: 8192 (order: 5, 131072 bytes)
[    2.694268] TCP: Hash tables configured (established 8192 bind 8192)
[    2.784730] UDP hash table entries: 512 (order: 2, 16384 bytes)
[    2.854291] UDP-Lite hash table entries: 512 (order: 2, 16384 bytes)
[    2.855454] NET: Registered protocol family 1
[    2.856333] pci 0000:00:00.0: Limiting direct PCI/PCI transfers
[    2.857421] pci 0000:00:01.0: Activating ISA DMA hang workarounds
[    2.929743] Unpacking initramfs...
[    4.945612] Freeing initrd memory: 10884K
[    4.970536] RAPL PMU detected, API unit is 2^-32 Joules, 4 fixed counters 10737418240 ms ovfl timer
[    5.073762] hw unit of domain pp0-core 2^-0 Joules
[    5.075874] hw unit of domain package 2^-0 Joules
[    5.076805] hw unit of domain dram 2^-0 Joules
[    5.077729] hw unit of domain pp1-gpu 2^-0 Joules
[    5.078765] platform rtc_cmos: registered platform RTC device (no PNP device found)
[    5.081807] Scanning for low memory corruption every 60 seconds
[    5.085135] audit: initializing netlink subsys (disabled)
[    5.088817] audit: type=2000 audit(1523711833.726:1): initialized
[    5.090210] Initialise system trusted keyring
[    5.093851] HugeTLB registered 2 MB page size, pre-allocated 0 pages
[    5.158076] zbud: loaded
[    5.159087] VFS: Disk quotas dquot_6.6.0
[    5.160985] VFS: Dquot-cache hash table entries: 512 (order 0, 4096 bytes)
[    5.162429] squashfs: version 4.0 (2009/01/31) Phillip Lougher
[    5.163751] fuse init (API version 7.23)
[    5.348482] Key type big_key registered
[    5.440260] Allocating IMA MOK and blacklist keyrings.
[    5.529796] Key type asymmetric registered
[    5.758617] Asymmetric key parser 'x509' registered
[    5.938525] Block layer SCSI generic (bsg) driver version 0.4 loaded (major 249)
[    5.942020] io scheduler noop registered
[    5.943872] io scheduler deadline registered (default)
[    5.947635] io scheduler cfq registered
[    6.077904] tsc: Refined TSC clocksource calibration: 2399.195 MHz
[    6.077907] clocksource: tsc: mask: 0xffffffffffffffff max_cycles: 0x22953f2b053, max_idle_ns: 440795294008 ns
[    6.501188] pci_hotplug: PCI Hot Plug PCI Core version: 0.5
[    6.502205] pciehp: PCI Express Hot Plug Controller Driver version: 0.4
[    6.503474] ACPI: AC Adapter [AC] (on-line)
[    6.504382] input: Power Button as /devices/LNXSYSTM:00/LNXPWRBN:00/input/input0
[    6.505839] ACPI: Power Button [PWRF]
[    6.506646] input: Sleep Button as /devices/LNXSYSTM:00/LNXSLPBN:00/input/input1
[    6.508109] ACPI: Sleep Button [SLPF]
[    6.510312] ACPI: Battery Slot [BAT0] (battery present)
[    6.578496] GHES: HEST is not enabled!
[    6.598789] Serial: 8250/16550 driver, 32 ports, IRQ sharing enabled
[    6.792694] 00:02: ttyS0 at I/O 0x3f8 (irq = 4, base_baud = 115200) is a 16550A
[    6.810565] Linux agpgart interface v0.103
[    6.830460] loop: module loaded
[    6.889000] scsi host0: ata_piix
[   66.968586] scsi host1: ata_piix
[    7.038896] ata1: PATA max UDMA/33 cmd 0x1f0 ctl 0x3f6 bmdma 0xd000 irq 14
[    7.240921] ata2: PATA max UDMA/33 cmd 0x170 ctl 0x376 bmdma 0xd008 irq 15
[    7.245154] libphy: Fixed MDIO Bus: probed
[    7.438468] tun: Universal TUN/TAP device driver, 1.6
[    7.440584] tun: (C) 1999-2004 Max Krasnyansky <maxk@qualcomm.com>
[    7.441760] PPP generic driver version 2.4.2
[    7.442666] ehci_hcd: USB 2.0 'Enhanced' Host Controller (EHCI) Driver
[    7.443795] ehci-pci: EHCI PCI platform driver
[    7.444687] ehci-platform: EHCI generic platform driver
[    7.445661] ohci_hcd: USB 1.1 'Open' Host Controller (OHCI) Driver
[    7.446729] ohci-pci: OHCI PCI platform driver
[    7.447623] ohci-platform: OHCI generic platform driver
[    7.470489] uhci_hcd: USB Universal Host Controller Interface driver
[    7.498525] i8042: PNP: PS/2 Controller [PNP0303:PS2K,PNP0f03:PS2M] at 0x60,0x64 irq 1,12
[    7.500632] serio: i8042 KBD port at 0x60,0x64 irq 1
[    7.501562] serio: i8042 AUX port at 0x60,0x64 irq 12
[    7.502623] mousedev: PS/2 mouse device common for all mice
[    7.504113] input: AT Translated Set 2 keyboard as /devices/platform/i8042/serio0/input/input2
[    7.578786] rtc_cmos rtc_cmos: rtc core: registered rtc_cmos as rtc0
[    7.687807] rtc_cmos rtc_cmos: alarms up to one day, 114 bytes nvram
[    7.689312] i2c /dev entries driver
[    7.698096] device-mapper: uevent: version 1.0.3
[    7.704465] device-mapper: ioctl: 4.34.0-ioctl (2015-10-28) initialised: dm-devel@redhat.com
[    7.739446] ledtrig-cpu: registered to indicate activity on CPUs
[    7.741142] NET: Registered protocol family 10
[    7.878799] NET: Registered protocol family 17
[    7.898871] Key type dns_resolver registered
[    7.994363] registered taskstats version 1
[    8.278375] Loading compiled-in X.509 certificates
[    8.430362] Loaded X.509 cert 'Build time autogenerated kernel key: f854e06633b5f496ced5b2e02c7b14f761b69302'
[    8.529932] zswap: loaded using pool lzo/zbud
[    8.590816] Key type trusted registered
[    8.642921] Key type encrypted registered
[    8.728757] AppArmor: AppArmor sha1 policy hashing enabled
[    8.729919] ima: No TPM chip found, activating TPM-bypass!
[    8.731212] evm: HMAC attrs: 0x1
[    8.798981]   Magic number: 14:137:281
[    8.898567] tty tty18: hash matches
[    9.028572] rtc_cmos rtc_cmos: setting system clock to 2018-04-14 13:17:14 UTC (1523711834)
[    9.036519] BIOS EDD facility v0.16 2004-Jun-25, 0 devices found
[    9.038966] EDD information not available.
[    9.041213] Freeing unused kernel memory: 1508K
[    9.046872] Write protecting the kernel read-only data: 14336k
[    9.058986] Freeing unused kernel memory: 1696K
[    9.061287] Freeing unused kernel memory: 100K
Loading, please wait...
[    9.078773] random: systemd-udevd: uninitialized urandom read (16 bytes read, 3 bits of entropy available)
starting version 229
[    9.079929] random: udevadm: uninitialized urandom read (16 bytes read, 3 bits of entropy available)
[    9.079949] random: udevadm: uninitialized urandom read (16 bytes read, 3 bits of entropy available)
[    9.093564] random: udevadm: uninitialized urandom read (16 bytes read, 3 bits of entropy available)
[    9.093640] random: udevadm: uninitialized urandom read (16 bytes read, 3 bits of entropy available)
[    9.093887] random: udevadm: uninitialized urandom read (16 bytes read, 3 bits of entropy available)
[    9.093977] random: udevadm: uninitialized urandom read (16 bytes read, 3 bits of entropy available)
[    9.094073] random: udevadm: uninitialized urandom read (16 bytes read, 3 bits of entropy available)
[    9.094157] random: udevadm: uninitialized urandom read (16 bytes read, 3 bits of entropy available)
[    9.094242] random: udevadm: uninitialized urandom read (16 bytes read, 3 bits of entropy available)
[   10.316862] Fusion MPT base driver 3.04.20
[   10.332303] Copyright (c) 1999-2008 LSI Corporation
[   10.333524] e1000: Intel(R) PRO/1000 Network Driver - version 7.3.21-k8-NAPI
[   10.352865] e1000: Copyright (c) 1999-2006 Intel Corporation.
[   10.367722] Fusion MPT SPI Host driver 3.04.20
[   10.413414] AVX version of gcm_enc/dec engaged.
[   10.422963] AES CTR mode by8 optimization enabled
[   10.634575] input: ImExPS/2 Generic Explorer Mouse as /devices/platform/i8042/serio1/input/input4
[   10.719810] e1000 0000:00:03.0 eth0: (PCI:33MHz:32-bit) 02:1b:e7:ca:c1:c0
[   10.732728] e1000 0000:00:03.0 eth0: Intel(R) PRO/1000 Network Connection
[   10.735351] e1000 0000:00:03.0 enp0s3: renamed from eth0
[   10.741784] mptbase: ioc0: Initiating bringup
[   10.807850] ioc0: LSI53C1030 A0: Capabilities={Initiator}
[   11.053571] scsi host2: ioc0: LSI53C1030 A0, FwRev=00000000h, Ports=1, MaxQ=256, IRQ=20
[   11.192025] scsi 2:0:0:0: Direct-Access     VBOX     HARDDISK         1.0  PQ: 0 ANSI: 5
[   11.205291] scsi target2:0:0: Beginning Domain Validation
[   11.208313] scsi target2:0:0: Domain Validation skipping write tests
[   11.222808] scsi target2:0:0: Ending Domain Validation
[   11.229190] scsi target2:0:0: asynchronous
[   11.248973] scsi 2:0:1:0: Direct-Access     VBOX     HARDDISK         1.0  PQ: 0 ANSI: 5
[   11.253581] scsi target2:0:1: Beginning Domain Validation
[   11.262869] scsi target2:0:1: Domain Validation skipping write tests
[   11.270058] scsi target2:0:1: Ending Domain Validation
[   11.271190] scsi target2:0:1: asynchronous
[   11.278500] sd 2:0:0:0: [sda] 20971520 512-byte logical blocks: (10.7 GB/10.0 GiB)
[   11.281536] sd 2:0:0:0: [sda] Write Protect is off
[   11.283772] sd 2:0:0:0: [sda] Incomplete mode parameter data
[   11.288567] sd 2:0:0:0: [sda] Assuming drive cache: write through
[   11.289804] sd 2:0:0:0: Attached scsi generic sg0 type 0
[   11.292418] sd 2:0:1:0: Attached scsi generic sg1 type 0
[   11.294644] sd 2:0:1:0: [sdb] 20480 512-byte logical blocks: (10.5 MB/10.0 MiB)
[   11.304674]  sda: sda1
[   11.305118] sd 2:0:0:0: [sda] Attached SCSI disk
[   11.688636] sd 2:0:1:0: [sdb] Write Protect is off
[   11.696741] sd 2:0:1:0: [sdb] Incomplete mode parameter data
[   11.700598] sd 2:0:1:0: [sdb] Assuming drive cache: write through
[   11.749416] sd 2:0:1:0: [sdb] Attached SCSI disk
[   13.335707] floppy0: no floppy controllers found
Begin: Loading essential drivers ... [   14.783448] md: linear personality registered for level -1
[   14.788750] md: multipath personality registered for level -4
[   14.799267] md: raid0 personality registered for level 0
[   14.817337] md: raid1 personality registered for level 1
[   14.959501] raid6: sse2x1   gen()  7647 MB/s
[   15.051531] raid6: sse2x1   xor()  6225 MB/s
[   15.123537] raid6: sse2x2   gen() 10080 MB/s
[   15.203559] raid6: sse2x2   xor()  6411 MB/s
[   15.275579] raid6: sse2x4   gen()  8727 MB/s
[   15.355618] raid6: sse2x4   xor()  6677 MB/s
[   15.361825] raid6: using algorithm sse2x2 gen() 10080 MB/s
[   15.362840] raid6: .... xor() 6411 MB/s, rmw enabled
[   15.363817] raid6: using ssse3x2 recovery algorithm
[   15.370901] xor: automatically using best checksumming function:
[   15.487952]    avx       : 39965.000 MB/sec
[   15.509944] async_tx: api initialized (async)
[   15.520257] md: raid6 personality registered for level 6
[   15.539027] md: raid5 personality registered for level 5
[   15.588301] md: raid4 personality registered for level 4
[   15.824393] md: raid10 personality registered for level 10
done.
Begin: Running /scripts/init-premount ... done.
Begin: Mounting root file system ... Begin: Running /scripts/local-top ... done.
Begin: Running /scripts/local-premount ... [   15.996154] Btrfs loaded
Scanning for Btrfs filesystems
done.
Warning: fsck not present, so skipping root file system
[   16.147494] EXT4-fs (sda1): mounted filesystem with ordered data mode. Opts: (null)
done.
Begin: Running /scripts/local-bottom ... done.
Begin: Running /scripts/init-bottom ... done.
[   16.920168] systemd[1]: systemd 229 running in system mode. (+PAM +AUDIT +SELINUX +IMA +APPARMOR +SMACK +SYSVINIT +UTMP +LIBCRYPTSETUP +GCRYPT +GNUTLS +ACL +XZ -LZ4 +SECCOMP +BLKID +ELFUTILS +KMOD -IDN)
[   16.929905] systemd[1]: Detected virtualization oracle.
[   16.957099] systemd[1]: Detected architecture x86-64.

Welcome to [1mUbuntu 16.04.4 LTS[0m!

[   17.028730] systemd[1]: Set hostname to <ctf-box>.
[   17.156521] random: nonblocking pool is initialized
[   18.500679] systemd[1]: Reached target Swap.
[[0;32m  OK  [0m] Reached target Swap.
[   18.508271] systemd[1]: Set up automount Arbitrary Executable File Formats File System Automount Point.
[[0;32m  OK  [0m] Set up automount Arbitrary Executab...ats File System Automount Point.
[   18.584170] systemd[1]: Listening on /dev/initctl Compatibility Named Pipe.
[[0;32m  OK  [0m] Listening on /dev/initctl Compatibility Named Pipe.
[   18.642663] systemd[1]: Reached target Encrypted Volumes.
[[0;32m  OK  [0m] Reached target Encrypted Volumes.
[   18.675854] systemd[1]: Reached target System Time Synchronized.
[[0;32m  OK  [0m] Reached target System Time Synchronized.
[   18.804028] systemd[1]: Listening on udev Control Socket.
[[0;32m  OK  [0m] Listening on udev Control Socket.
[   18.856003] systemd[1]: Reached target User and Group Name Lookups.
[[0;32m  OK  [0m] Reached target User and Group Name Lookups.
[   18.869321] systemd[1]: Listening on LVM2 poll daemon socket.
[[0;32m  OK  [0m] Listening on LVM2 poll daemon socket.
[   18.947865] systemd[1]: Started Trigger resolvconf update for networkd DNS.
[[0;32m  OK  [0m] Started Trigger resolvconf update for networkd DNS.
[   19.152030] systemd[1]: Listening on Journal Socket (/dev/log).
[[0;32m  OK  [0m] Listening on Journal Socket (/dev/log).
[   19.211130] systemd[1]: Listening on Journal Audit Socket.
[[0;32m  OK  [0m] Listening on Journal Audit Socket.
[   19.252121] systemd[1]: Listening on Device-mapper event daemon FIFOs.
[[0;32m  OK  [0m] Listening on Device-mapper event daemon FIFOs.
[   19.265072] systemd[1]: Created slice User and Session Slice.
[[0;32m  OK  [0m] Created slice User and Session Slice.
[   19.281275] systemd[1]: Created slice System Slice.
[[0;32m  OK  [0m] Created slice System Slice.
[   19.305364] systemd[1]: Reached target Slices.
[[0;32m  OK  [0m] Reached target Slices.
[   19.332698] systemd[1]: Created slice system-serial\x2dgetty.slice.
[[0;32m  OK  [0m] Created slice system-serial\x2dgetty.slice.
[   19.436979] systemd[1]: Listening on udev Kernel Socket.
[[0;32m  OK  [0m] Listening on udev Kernel Socket.
[   19.442310] systemd[1]: Listening on LVM2 metadata daemon socket.
[[0;32m  OK  [0m] Listening on LVM2 metadata daemon socket.
[   19.447462] systemd[1]: Listening on Journal Socket.
[[0;32m  OK  [0m] Listening on Journal Socket.
[   19.463921] systemd[1]: Mounting Debug File System...
         Mounting Debug File System...
[   19.522054] systemd[1]: Starting Set console keymap...
         Starting Set console keymap...
[   19.527346] systemd[1]: Starting Remount Root and Kernel File Systems...
         Starting Remount Root and Kernel File Systems...
[   19.563726] systemd[1]: Mounting Huge Pages File System...
         Mounting Huge Pages File System...
[   19.651747] systemd[1]: Starting Uncomplicated firewall...
         Starting Uncomplicated firewall...
[   19.749107] systemd[1]: Starting Create list of required static device nodes for the current kernel...
[   20.095093] EXT4-fs (sda1): re-mounted. Opts: (null)
         Starting Create list of required st... nodes for the current kernel...
[   20.387739] systemd[1]: Starting Nameserver information manager...
         Starting Nameserver information manager...
[   20.490065] systemd[1]: Mounting POSIX Message Queue File System...
         Mounting POSIX Message Queue File System...
[   20.523968] systemd[1]: Starting Monitoring of LVM2 mirrors, snapshots etc. using dmeventd or progress polling...
         Starting Monitoring of LVM2 mirrors... dmeventd or progress polling...
[   20.591407] systemd[1]: Listening on Syslog Socket.
[[0;32m  OK  [0m] Listening on Syslog Socket.
[   20.635803] systemd[1]: Starting Journal Service...
         Starting Journal Service...
[   20.656628] systemd[1]: Started Forward Password Requests to Wall Directory Watch.
[[0;32m  OK  [0m] Started Forward Password Requests to Wall Directory Watch.
[   20.763666] systemd[1]: Starting Load Kernel Modules...
         Starting Load Kernel Modules...
[   20.837030] systemd[1]: Mounted POSIX Message Queue File System.
[[0;32m  OK  [0m] Mounted POSIX Message Queue File System.
[   20.847568] systemd[1]: Mounted Huge Pages File System.
[[0;32m  OK  [0m] Mounted Huge Pages File System.
[   20.860368] systemd[1]: Mounted Debug File System.
[[0;32m  OK  [0m] Mounted Debug File System.
[   20.890687] Loading iSCSI transport class v2.0-870.
[   20.969538] systemd[1]: Started Set console keymap.
[[0;32m  OK  [0m] Started Set console keymap.
[   20.992344] systemd[1]: Started Remount Root and Kernel File Systems.
[[0;32m  OK  [0m] Started Remount Root and Kernel File Systems.
[   21.024618] systemd[1]: Started Uncomplicated firewall.
[[0;32m  OK  [0m] Started Uncomplicated firewall.
[   21.036104] iscsi: registered transport (tcp)
[   21.040517] systemd[1]: Started Create list of required static device nodes for the current kernel.
[[0;32m  OK  [0m] Started Create list of required sta...ce nodes for the current kernel.
[   21.094103] systemd[1]: Started Journal Service.
[[0;32m  OK  [0m] Started Journal Service.
[[0;32m  OK  [0m] Started Nameserver information manager.
[   21.154773] iscsi: registered transport (iser)
[[0;32m  OK  [0m] Started LVM2 metadata daemon.
         Starting Create Static Device Nodes in /dev...
         Starting Initial cloud-init job (pre-networking)...
         Starting Load/Save Random Seed...
         Starting udev Coldplug all Devices...
         Starting Flush Journal to Persistent Storage...
[[0;32m  OK  [0m] Started Load Kernel Modules.
         Mounting FUSE Control File System...
         Starting Apply Kernel Variables...
[[0;32m  OK  [0m] Mounted FUSE Control File System.
[[0;32m  OK  [0m] Started Load/Save Random Seed.
[[0;32m  OK  [0m] Started udev Coldplug all Devices.
[   21.777298] systemd-journald[403]: Received request to flush runtime journal from PID 1
[[0;32m  OK  [0m] Started Flush Journal to Persistent Storage.
[[0;32m  OK  [0m] Started Apply Kernel Variables.
[[0;32m  OK  [0m] Started Monitoring of LVM2 mirrors,...ng dmeventd or progress polling.
[[0;32m  OK  [0m] Started Create Static Device Nodes in /dev.
         Starting udev Kernel Device Manager...
[[0;32m  OK  [0m] Started udev Kernel Device Manager.
[[0;32m  OK  [0m] Reached target Local File Systems (Pre).
[[0;32m  OK  [0m] Reached target Local File Systems.
         Starting Create Volatile Files and Directories...
         Starting LSB: AppArmor initialization...
         Starting Tell Plymouth To Write Out Runtime Data...
         Starting Set console font and keymap...
         Starting LSB: ebtables ruleset management...
[[0;32m  OK  [0m] Started Dispatch Password Requests to Console Directory Watch.
[[0;32m  OK  [0m] Started Tell Plymouth To Write Out Runtime Data.
[[0;32m  OK  [0m] Found device /dev/ttyS0.
[[0;32m  OK  [0m] Started LSB: ebtables ruleset management.
[[0;32m  OK  [0m] Found device 82540EM Gigabit Ethern...r (PRO/1000 MT Desktop Adapter).
[[0;32m  OK  [0m] Started Create Volatile Files and Directories.
         Starting Update UTMP about System Boot/Shutdown...
[[0;32m  OK  [0m] Started Update UTMP about System Boot/Shutdown.
[[0;32m  OK  [0m] Started Set console font and keymap.
[[0;32m  OK  [0m] Created slice system-getty.slice.
[[0;32m  OK  [0m] Listening on Load/Save RF Kill Switch Status /dev/rfkill Watch.
[[0;32m  OK  [0m] Started LSB: AppArmor initialization.
[   27.929654] cloud-init[436]: Cloud-init v. 17.2 running 'init-local' at Sat, 14 Apr 2018 13:17:34 +0000. Up 27.25 seconds.
[[0;32m  OK  [0m] Started Initial cloud-init job (pre-networking).
[[0;32m  OK  [0m] Reached target Network (Pre).
[[0;32m  OK  [0m] Started ifup for enp0s3.
         Starting Raise network interfaces...
[[0;32m  OK  [0m] Started Raise network interfaces.
         Starting Initial cloud-init job (metadata service crawler)...
[[0;32m  OK  [0m] Reached target Network.
[   29.551253] cloud-init[985]: Cloud-init v. 17.2 running 'init' at Sat, 14 Apr 2018 13:17:36 +0000. Up 28.64 seconds.
[   29.560556] cloud-init[985]: ci-info: +++++++++++++++++++++++++++++++++++++Net device info++++++++++++++++++++++++++++++++++++++
[   29.567155] cloud-init[985]: ci-info: +--------+------+----------------------------+---------------+-------+-------------------+
[   29.571402] cloud-init[985]: ci-info: | Device |  Up  |          Address           |      Mask     | Scope |     Hw-Address    |
[   29.578791] cloud-init[985]: ci-info: +--------+------+----------------------------+---------------+-------+-------------------+
[   29.582043] cloud-init[985]: ci-info: | enp0s3 | True |         10.0.2.15          | 255.255.255.0 |   .   | 02:1b:e7:ca:c1:c0 |
[   29.586849] cloud-init[985]: ci-info: | enp0s3 | True | fe80::1b:e7ff:feca:c1c0/64 |       .       |  link | 02:1b:e7:ca:c1:c0 |
[   29.607887] cloud-init[985]: ci-info: |   lo   | True |         127.0.0.1          |   255.0.0.0   |   .   |         .         |
[   29.668553] cloud-init[985]: ci-info: |   lo   | True |          ::1/128           |       .       |  host |         .         |
[[0;32m  OK  [0m] Started Initial cloud-init job (metadata service crawler).
[   29.679695] cloud-init[985]: ci-info: +--------+------+----------------------------+---------------+-------+-------------------+
[   29.713087] cloud-init[985]: ci-info: +++++++++++++++++++++++++++Route IPv4 info++++++++++++++++++++++++++++
[   29.738182] cloud-init[985]: ci-info: +-------+-------------+----------+---------------+-----------+-------+
[[0;32m  OK  [0m] Reached target Cloud-config availability.
[[0;32m  OK  [0m] Reached target System Initialization.
[   29.742744] cloud-init[985]: ci-info: | Route | Destination | Gateway  |    Genmask    | Interface | Flags |
[   29.759173] cloud-init[985]: ci-info: +-------+-------------+----------+---------------+-----------+-------+
[   29.761041] cloud-init[985]: ci-info: |   0   |   0.0.0.0   | 10.0.2.2 |    0.0.0.0    |   enp0s3  |   UG  |
[[0;32m  OK  [0m] Started ACPI Events Check.
[[0;32m  OK  [0m] Reached target Paths.
[[0;32m  OK  [0m] Started Daily Cleanup of Temporary Directories.
[   29.822835] cloud-init[985]: ci-info: |   1   |   10.0.2.0  | 0.0.0.0  | 255.255.255.0 |   enp0s3  |   U   |
[   29.916239] cloud-init[985]: ci-info: +-------+-------------+----------+---------------+-----------+-------+
[[0;32m  OK  [0m] Listening on UUID daemon activation socket.
[[0;32m  OK  [0m] Started Daily apt download activities.
         Starting Socket activation for snappy daemon.
[[0;32m  OK  [0m] Started Daily apt upgrade and clean activities.
         Starting LXD - unix socket.
[[0;32m  OK  [0m] Started Timer to automatically refresh installed snaps.
[[0;32m  OK  [0m] Reached target Timers.
[[0;32m  OK  [0m] Listening on D-Bus System Message Bus Socket.
[[0;32m  OK  [0m] Listening on ACPID Listen Socket.
[[0;32m  OK  [0m] Reached target Network is Online.
         Starting iSCSI initiator daemon (iscsid)...
[[0;32m  OK  [0m] Listening on Socket activation for snappy daemon.
[[0;32m  OK  [0m] Listening on LXD - unix socket.
[[0;32m  OK  [0m] Reached target Sockets.
[[0;32m  OK  [0m] Reached target Basic System.
[[0;32m  OK  [0m] Started ACPI event daemon.
[[0;32m  OK  [0m] Started Unattended Upgrades Shutdown.
         Starting System Logging Service...
[[0;32m  OK  [0m] Started Deferred execution scheduler.
         Starting LSB: Record successful boot for GRUB...
         Starting /etc/rc.local Compatibility...
         Starting LSB: MD monitoring daemon...
[[0;32m  OK  [0m] Started Regular background program processing daemon.
         Starting OpenBSD Secure Shell server...
         Starting Accounts Service...
[[0;32m  OK  [0m] Started D-Bus System Message Bus.
         Starting Login Service...
         Starting Virtualbox guest utils...
         Starting Apply the settings specified in cloud-config...
         Starting Snappy daemon...
[[0;32m  OK  [0m] Started FUSE filesystem for LXC.
         Starting LXD - container startup/shutdown...
[[0;32m  OK  [0m] Started System Logging Service.
[[0;32m  OK  [0m] Started OpenBSD Secure Shell server.
[[0;32m  OK  [0m] Started iSCSI initiator daemon (iscsid).
[[0;32m  OK  [0m] Started /etc/rc.local Compatibility.
[[0;32m  OK  [0m] Started LSB: Record successful boot for GRUB.
[[0;32m  OK  [0m] Started Login Service.
         Starting Authenticate and Authorize Users to Run Privileged Tasks...
         Starting Login to default iSCSI targets...
[[0;32m  OK  [0m] Started LSB: MD monitoring daemon.
[   32.568631] cloud-init[1081]: Cloud-init v. 17.2 running 'modules:config' at Sat, 14 Apr 2018 13:17:39 +0000. Up 31.84 seconds.
[[0;32m  OK  [0m] Started Apply the settings specified in cloud-config.
[[0;32m  OK  [0m] Started Login to default iSCSI targets.
[[0;32m  OK  [0m] Reached target Remote File Systems (Pre).
[[0;32m  OK  [0m] Reached target Remote File Systems.
         Starting Permit User Sessions...
         Starting LSB: daemon to balance interrupts for SMP systems...
         Starting LSB: automatic crash report generation...
         Starting LSB: Set the CPU Frequency Scaling governor to "ondemand"...
[[0;32m  OK  [0m] Started LSB: Set the CPU Frequency Scaling governor to "ondemand".
[[0;32m  OK  [0m] Started Virtualbox guest utils.
[[0;32m  OK  [0m] Started Permit User Sessions.
[[0;32m  OK  [0m] Started Authenticate and Authorize Users to Run Privileged Tasks.
[[0;32m  OK  [0m] Started Accounts Service.
         Starting Hold until boot process finishes up...
         Starting Terminate Plymouth Boot Screen...
[[0;32m  OK  [0m] Started Hold until boot process finishes up.
[[0;32m  OK  [0m] Started Terminate Plymouth Boot Screen.
[[0;32m  OK  [0m] Started Getty on tty1.
[[0;32m  OK  [0m] Started Serial Getty on ttyS0.
[[0;32m  OK  [0m] Reached target Login Prompts.
         Starting Set console scheme...
[[0;32m  OK  [0m] Started LSB: daemon to balance interrupts for SMP systems.
[[0;32m  OK  [0m] Started LSB: automatic crash report generation.
[[0;32m  OK  [0m] Started Set console scheme.
[[0;32m  OK  [0m] Created slice User Slice of vagrant.
         Starting User Manager for UID 1000...
[[0;32m  OK  [0m] Started Session 1 of user vagrant.
[[0;32m  OK  [0m] Started User Manager for UID 1000.
[[0;32m  OK  [0m] Started Snappy daemon.
[[0;32m  OK  [0m] Started LXD - container startup/shutdown.
[[0;32m  OK  [0m] Reached target Multi-User System.
[[0;32m  OK  [0m] Reached target Graphical Interface.
         Starting Update UTMP about System Runlevel Changes...
         Starting Execute cloud user/final scripts...
[[0;32m  OK  [0m] Started Update UTMP about System Runlevel Changes.
[   39.114881] cloud-init[1283]: Cloud-init v. 17.2 running 'modules:final' at Sat, 14 Apr 2018 13:17:46 +0000. Up 38.77 seconds.
[   39.115395] cloud-init[1283]: Cloud-init v. 17.2 finished at Sat, 14 Apr 2018 13:17:46 +0000. Datasource DataSourceNoCloud [seed=/dev/sdb][dsmode=net].  Up 39.07 seconds

Ubuntu 16.04.4 LTS ctf-box ttyS0

ctf-box login: 